Change Component Designator: OldDesignator=*1 NewDesignator=U1
Change Component Designator: OldDesignator=C2 NewDesignator=C5
Change Component Designator: OldDesignator=C3 NewDesignator=C9
Change Component Designator: OldDesignator=C4 NewDesignator=C13
Change Component Designator: OldDesignator=C5 NewDesignator=C17
Change Component Designator: OldDesignator=C6 NewDesignator=C18
Change Component Designator: OldDesignator=C7 NewDesignator=C22
Change Component Designator: OldDesignator=C8 NewDesignator=C26
Change Component Designator: OldDesignator=C9 NewDesignator=C30
Change Component Designator: OldDesignator=C10 NewDesignator=C31
Change Component Designator: OldDesignator=C11 NewDesignator=C2
Change Component Designator: OldDesignator=C12 NewDesignator=C6
Change Component Designator: OldDesignator=C13 NewDesignator=C10
Change Component Designator: OldDesignator=C14 NewDesignator=C33
Change Component Designator: OldDesignator=C15 NewDesignator=C38
Change Component Designator: OldDesignator=C16 NewDesignator=C37
Change Component Designator: OldDesignator=C17 NewDesignator=C61
Change Component Designator: OldDesignator=C18 NewDesignator=C36
Change Component Designator: OldDesignator=C19 NewDesignator=C60
Change Component Designator: OldDesignator=C20 NewDesignator=C4
Change Component Designator: OldDesignator=C21 NewDesignator=C8
Change Component Designator: OldDesignator=C22 NewDesignator=C12
Change Component Designator: OldDesignator=C23 NewDesignator=C16
Change Component Designator: OldDesignator=C24 NewDesignator=C20
Change Component Designator: OldDesignator=C25 NewDesignator=C24
Change Component Designator: OldDesignator=C26 NewDesignator=C28
Change Component Designator: OldDesignator=C27 NewDesignator=C34
Change Component Designator: OldDesignator=C28 NewDesignator=C39
Change Component Designator: OldDesignator=C29 NewDesignator=C3
Change Component Designator: OldDesignator=C30 NewDesignator=C7
Change Component Designator: OldDesignator=C31 NewDesignator=C11
Change Component Designator: OldDesignator=C32 NewDesignator=C15
Change Component Designator: OldDesignator=C33 NewDesignator=C19
Change Component Designator: OldDesignator=C34 NewDesignator=C23
Change Component Designator: OldDesignator=C35 NewDesignator=C27
Change Component Designator: OldDesignator=C36 NewDesignator=C14
Change Component Designator: OldDesignator=C37 NewDesignator=C21
Change Component Designator: OldDesignator=C38 NewDesignator=C25
Change Component Designator: OldDesignator=C39 NewDesignator=C29
Change Component Designator: OldDesignator=C40 NewDesignator=C42
Change Component Designator: OldDesignator=C41 NewDesignator=C45
Change Component Designator: OldDesignator=C42 NewDesignator=C48
Change Component Designator: OldDesignator=C43 NewDesignator=C51
Change Component Designator: OldDesignator=C44 NewDesignator=C53
Change Component Designator: OldDesignator=C45 NewDesignator=C55
Change Component Designator: OldDesignator=C46 NewDesignator=C57
Change Component Designator: OldDesignator=C47 NewDesignator=C59
Change Component Designator: OldDesignator=C48 NewDesignator=C41
Change Component Designator: OldDesignator=C49 NewDesignator=C44
Change Component Designator: OldDesignator=C50 NewDesignator=C47
Change Component Designator: OldDesignator=C51 NewDesignator=C50
Change Component Designator: OldDesignator=C53 NewDesignator=C54
Change Component Designator: OldDesignator=C54 NewDesignator=C56
Change Component Designator: OldDesignator=C55 NewDesignator=C58
Change Component Designator: OldDesignator=C56 NewDesignator=C40
Change Component Designator: OldDesignator=C57 NewDesignator=C43
Change Component Designator: OldDesignator=C58 NewDesignator=C46
Change Component Designator: OldDesignator=C59 NewDesignator=C49
Change Component Designator: OldDesignator=C60 NewDesignator=C32
Change Component Designator: OldDesignator=C61 NewDesignator=C35
Change Component Designator: OldDesignator=P1 NewDesignator=P5
Change Component Designator: OldDesignator=P2 NewDesignator=P1
Change Component Designator: OldDesignator=P3 NewDesignator=P6
Change Component Designator: OldDesignator=P4 NewDesignator=P2
Change Component Designator: OldDesignator=P5 NewDesignator=P11
Change Component Designator: OldDesignator=P6 NewDesignator=P10
Change Component Designator: OldDesignator=P7 NewDesignator=P13
Change Component Designator: OldDesignator=P8 NewDesignator=P12
Change Component Designator: OldDesignator=P10 NewDesignator=P8
Change Component Designator: OldDesignator=P11 NewDesignator=P4
Change Component Designator: OldDesignator=P12 NewDesignator=P7
Change Component Designator: OldDesignator=P13 NewDesignator=P3
Change Component Designator: OldDesignator=R1 NewDesignator=R3
Change Component Designator: OldDesignator=R3 NewDesignator=R1
Change Component Designator: OldDesignator=U1 NewDesignator=U2
Change Component Designator: OldDesignator=U2 NewDesignator=U3
Change Component Designator: OldDesignator=U3 NewDesignator=U7
Change Component Designator: OldDesignator=U4 NewDesignator=U6
Change Component Designator: OldDesignator=U6 NewDesignator=U4
Change Net Name : Old Net Name=NetC2_2 New Net Name=NetC5_2
Change Net Name : Old Net Name=NetC3_2 New Net Name=NetC9_2
Change Net Name : Old Net Name=NetC12_2 New Net Name=NetC6_2
Change Net Name : Old Net Name=NetC13_2 New Net Name=NetC10_2
Change Net Name : Old Net Name=NetC21_2 New Net Name=NetC8_2
Change Net Name : Old Net Name=NetC22_2 New Net Name=NetC12_2
Change Net Name : Old Net Name=NetC30_2 New Net Name=NetC7_2
Change Net Name : Old Net Name=NetC31_2 New Net Name=NetC11_2
Change Net Name : Old Net Name=NetC36_2 New Net Name=NetC14_2
Change Net Name : Old Net Name=NetP2_2 New Net Name=NetP1_2
Change Net Name : Old Net Name=NetP4_2 New Net Name=NetP2_2
Change Net Name : Old Net Name=NetP7_2 New Net Name=NetP13_2
Change Net Name : Old Net Name=NetP8_2 New Net Name=NetP12_2
Change Net Name : Old Net Name=NetP11_2 New Net Name=NetP4_2
Change Net Name : Old Net Name=NetP13_2 New Net Name=NetP3_2
Change Net Name : Old Net Name=NetR1_1 New Net Name=NetR3_1
Added Room: Name=EE194_PCB
