Added Component: Designator=C60(CAPC0402(1005)60_L)
Add component. Clean all parameters for all variants
Add component (AddParameter): Name = "Case-EIA"; Value = "0402"; VariantName = "[No Variations]"
Add component (AddParameter): Name = "Case-Metric"; Value = "1005"; VariantName = "[No Variations]"
Add component (AddParameter): Name = "Max Thickness"; Value = "0.6 mm"; VariantName = "[No Variations]"
Add component (AddParameter): Name = "Rated Voltage"; Value = "16 V"; VariantName = "[No Variations]"
Add component (AddParameter): Name = "Technology"; Value = "SMT"; VariantName = "[No Variations]"
Add component (AddParameter): Name = "Tolerance"; Value = "±1%"; VariantName = "[No Variations]"
Add component (AddParameter): Name = "Value"; Value = "100pF"; VariantName = "[No Variations]"
Added Component: Designator=C61(CAPC0402(1005)60_L)
Add component. Clean all parameters for all variants
Add component (AddParameter): Name = "Case-EIA"; Value = "0402"; VariantName = "[No Variations]"
Add component (AddParameter): Name = "Case-Metric"; Value = "1005"; VariantName = "[No Variations]"
Add component (AddParameter): Name = "Max Thickness"; Value = "0.6 mm"; VariantName = "[No Variations]"
Add component (AddParameter): Name = "Rated Voltage"; Value = "16 V"; VariantName = "[No Variations]"
Add component (AddParameter): Name = "Technology"; Value = "SMT"; VariantName = "[No Variations]"
Add component (AddParameter): Name = "Tolerance"; Value = "±1%"; VariantName = "[No Variations]"
Add component (AddParameter): Name = "Value"; Value = "100pF"; VariantName = "[No Variations]"
Added Pin To Net: NetName=GND Pin=C60-1
Added Pin To Net: NetName=VBAT Pin=C60-2
Added Pin To Net: NetName=GND Pin=C61-1
Added Pin To Net: NetName=VBAT Pin=C61-2
Added Member To Class: ClassName=EE194_PCB Member=Component C60 CAP 100pF 16V 0402(1005)
Added Member To Class: ClassName=EE194_PCB Member=Component C61 CAP 100pF 16V 0402(1005)
Added Room: Name=EE194_PCB
