Removed Pin From Net: NetName=GND Pin=*1-1
Removed Pin From Net: NetName=VBAT Pin=*1-2
Removed Pin From Net: NetName=VDDD_OUT Pin=*1-3
Removed Pin From Net: NetName=VDDRF_OUT Pin=*1-4
Removed Pin From Net: NetName=SC_MUX_SEL Pin=*1-7
Removed Pin From Net: NetName=VDDA Pin=*1-8
Removed Pin From Net: NetName=VDDPA Pin=*1-9
Removed Pin From Net: NetName=VBAT Pin=*1-10
Removed Pin From Net: NetName=GND Pin=*1-11
Removed Pin From Net: NetName=ANT Pin=*1-12
Removed Pin From Net: NetName=GND Pin=*1-13
Removed Pin From Net: NetName=ADC200MV Pin=*1-14
Removed Pin From Net: NetName=ADCIN Pin=*1-15
Removed Pin From Net: NetName=DIFFCLK- Pin=*1-19
Removed Pin From Net: NetName=DIFFCLK+ Pin=*1-20
Removed Pin From Net: NetName=GND Pin=*1-26
Removed Pin From Net: NetName=VBAT Pin=*1-27
Removed Pin From Net: NetName=LOAD Pin=*1-28
Removed Pin From Net: NetName=SCIO01 Pin=*1-29
Removed Pin From Net: NetName=GND Pin=*1-30
Removed Pin From Net: NetName=SCAN_IN Pin=*1-31
Removed Pin From Net: NetName=GND Pin=*1-35
Removed Pin From Net: NetName=VBAT Pin=*1-36
Removed Pin From Net: NetName=GND Pin=C1-1
Removed Pin From Net: NetName=VPOS Pin=C1-2
Removed Pin From Net: NetName=GND Pin=C2-1
Removed Pin From Net: NetName=NetC2_2 Pin=C2-2
Removed Pin From Net: NetName=GND Pin=C3-1
Removed Pin From Net: NetName=NetC3_2 Pin=C3-2
Removed Pin From Net: NetName=GND Pin=C4-1
Removed Pin From Net: NetName=VBAT Pin=C4-2
Removed Pin From Net: NetName=GND Pin=C5-1
Removed Pin From Net: NetName=VBAT Pin=C5-2
Removed Pin From Net: NetName=GND Pin=C6-1
Removed Pin From Net: NetName=VBAT Pin=C6-2
Removed Pin From Net: NetName=GND Pin=C7-1
Removed Pin From Net: NetName=VBAT Pin=C7-2
Removed Pin From Net: NetName=GND Pin=C8-1
Removed Pin From Net: NetName=VBAT Pin=C8-2
Removed Pin From Net: NetName=GND Pin=C9-1
Removed Pin From Net: NetName=VBAT Pin=C9-2
Removed Pin From Net: NetName=GND Pin=C10-1
Removed Pin From Net: NetName=VBAT Pin=C10-2
Removed Pin From Net: NetName=GND Pin=C11-1
Removed Pin From Net: NetName=VPOS Pin=C11-2
Removed Pin From Net: NetName=GND Pin=C12-1
Removed Pin From Net: NetName=NetC12_2 Pin=C12-2
Removed Pin From Net: NetName=GND Pin=C13-1
Removed Pin From Net: NetName=NetC13_2 Pin=C13-2
Removed Pin From Net: NetName=GND Pin=C14-1
Removed Pin From Net: NetName=ADC200MV Pin=C14-2
Removed Pin From Net: NetName=GND Pin=C15-1
Removed Pin From Net: NetName=ADC200MV Pin=C15-2
Removed Pin From Net: NetName=GND Pin=C16-1
Removed Pin From Net: NetName=VDD_09V Pin=C16-2
Removed Pin From Net: NetName=VDD_33V Pin=C17-1
Removed Pin From Net: NetName=GND Pin=C17-2
Removed Pin From Net: NetName=GND Pin=C18-1
Removed Pin From Net: NetName=VDD_09V Pin=C18-2
Removed Pin From Net: NetName=VDD_33V Pin=C19-1
Removed Pin From Net: NetName=GND Pin=C19-2
Removed Pin From Net: NetName=GND Pin=C20-1
Removed Pin From Net: NetName=VPOS Pin=C20-2
Removed Pin From Net: NetName=GND Pin=C21-1
Removed Pin From Net: NetName=NetC21_2 Pin=C21-2
Removed Pin From Net: NetName=GND Pin=C22-1
Removed Pin From Net: NetName=NetC22_2 Pin=C22-2
Removed Pin From Net: NetName=GND Pin=C23-1
Removed Pin From Net: NetName=VDD_33V Pin=C23-2
Removed Pin From Net: NetName=GND Pin=C24-1
Removed Pin From Net: NetName=VDD_33V Pin=C24-2
Removed Pin From Net: NetName=GND Pin=C25-1
Removed Pin From Net: NetName=VDD_33V Pin=C25-2
Removed Pin From Net: NetName=GND Pin=C26-1
Removed Pin From Net: NetName=VDD_33V Pin=C26-2
Removed Pin From Net: NetName=GND Pin=C27-1
Removed Pin From Net: NetName=NetC27_2 Pin=C27-2
Removed Pin From Net: NetName=GND Pin=C28-1
Removed Pin From Net: NetName=ANT Pin=C28-2
Removed Pin From Net: NetName=GND Pin=C29-1
Removed Pin From Net: NetName=VPOS Pin=C29-2
Removed Pin From Net: NetName=GND Pin=C30-1
Removed Pin From Net: NetName=NetC30_2 Pin=C30-2
Removed Pin From Net: NetName=GND Pin=C31-1
Removed Pin From Net: NetName=NetC31_2 Pin=C31-2
Removed Pin From Net: NetName=GND Pin=C32-1
Removed Pin From Net: NetName=VDD_09V Pin=C32-2
Removed Pin From Net: NetName=GND Pin=C33-1
Removed Pin From Net: NetName=VDD_09V Pin=C33-2
Removed Pin From Net: NetName=GND Pin=C34-1
Removed Pin From Net: NetName=VDD_09V Pin=C34-2
Removed Pin From Net: NetName=GND Pin=C35-1
Removed Pin From Net: NetName=VDD_09V Pin=C35-2
Removed Pin From Net: NetName=GND Pin=C36-1
Removed Pin From Net: NetName=NetC36_2 Pin=C36-2
Removed Pin From Net: NetName=GND Pin=C37-1
Removed Pin From Net: NetName=NetC36_2 Pin=C37-2
Removed Pin From Net: NetName=GND Pin=C38-1
Removed Pin From Net: NetName=NetC36_2 Pin=C38-2
Removed Pin From Net: NetName=GND Pin=C39-1
Removed Pin From Net: NetName=NetC36_2 Pin=C39-2
Removed Pin From Net: NetName=GND Pin=C40-1
Removed Pin From Net: NetName=VDDA Pin=C40-2
Removed Pin From Net: NetName=GND Pin=C41-1
Removed Pin From Net: NetName=VDDA Pin=C41-2
Removed Pin From Net: NetName=GND Pin=C42-1
Removed Pin From Net: NetName=VDDA Pin=C42-2
Removed Pin From Net: NetName=GND Pin=C43-1
Removed Pin From Net: NetName=VDDA Pin=C43-2
Removed Pin From Net: NetName=GND Pin=C44-1
Removed Pin From Net: NetName=VDDPA Pin=C44-2
Removed Pin From Net: NetName=GND Pin=C45-1
Removed Pin From Net: NetName=VDDPA Pin=C45-2
Removed Pin From Net: NetName=GND Pin=C46-1
Removed Pin From Net: NetName=VDDPA Pin=C46-2
Removed Pin From Net: NetName=GND Pin=C47-1
Removed Pin From Net: NetName=VDDPA Pin=C47-2
Removed Pin From Net: NetName=GND Pin=C48-1
Removed Pin From Net: NetName=VDDD_OUT Pin=C48-2
Removed Pin From Net: NetName=GND Pin=C49-1
Removed Pin From Net: NetName=VDDD_OUT Pin=C49-2
Removed Pin From Net: NetName=GND Pin=C50-1
Removed Pin From Net: NetName=VDDD_OUT Pin=C50-2
Removed Pin From Net: NetName=GND Pin=C51-1
Removed Pin From Net: NetName=VDDD_OUT Pin=C51-2
Removed Pin From Net: NetName=GND Pin=C52-1
Removed Pin From Net: NetName=ADCIN Pin=C52-2
Removed Pin From Net: NetName=GND Pin=C53-1
Removed Pin From Net: NetName=ADCIN Pin=C53-2
Removed Pin From Net: NetName=GND Pin=C54-1
Removed Pin From Net: NetName=ADCIN Pin=C54-2
Removed Pin From Net: NetName=GND Pin=C55-1
Removed Pin From Net: NetName=ADCIN Pin=C55-2
Removed Pin From Net: NetName=GND Pin=C56-1
Removed Pin From Net: NetName=VDDRF_OUT Pin=C56-2
Removed Pin From Net: NetName=GND Pin=C57-1
Removed Pin From Net: NetName=VDDRF_OUT Pin=C57-2
Removed Pin From Net: NetName=GND Pin=C58-1
Removed Pin From Net: NetName=VDDRF_OUT Pin=C58-2
Removed Pin From Net: NetName=GND Pin=C59-1
Removed Pin From Net: NetName=VDDRF_OUT Pin=C59-2
Removed Pin From Net: NetName=NetC3_2 Pin=P1-1
Removed Pin From Net: NetName=VBAT Pin=P1-2
Removed Pin From Net: NetName=GND Pin=P1-3
Removed Pin From Net: NetName=VPOS Pin=P2-1
Removed Pin From Net: NetName=NetP2_2 Pin=P2-2
Removed Pin From Net: NetName=GND Pin=P2-3
Removed Pin From Net: NetName=NetC13_2 Pin=P3-1
Removed Pin From Net: NetName=NetC36_2 Pin=P3-2
Removed Pin From Net: NetName=GND Pin=P3-3
Removed Pin From Net: NetName=VPOS Pin=P4-1
Removed Pin From Net: NetName=NetP4_2 Pin=P4-2
Removed Pin From Net: NetName=GND Pin=P4-3
Removed Pin From Net: NetName=VDDA Pin=P5-1
Removed Pin From Net: NetName=VDDD_OUT Pin=P5-2
Removed Pin From Net: NetName=VDDRF_OUT Pin=P5-3
Removed Pin From Net: NetName=VDDPA Pin=P5-4
Removed Pin From Net: NetName=ADCIN Pin=P5-5
Removed Pin From Net: NetName=ADC200MV Pin=P5-6
Removed Pin From Net: NetName=SC_MUX_SEL33 Pin=P6-1
Removed Pin From Net: NetName=SCAN_IN33 Pin=P6-2
Removed Pin From Net: NetName=GND Pin=P6-3
Removed Pin From Net: NetName=SCIO0133 Pin=P6-4
Removed Pin From Net: NetName=LOAD33 Pin=P6-5
Removed Pin From Net: NetName=DIFFCLK-33 Pin=P6-6
Removed Pin From Net: NetName=DIFFCLK+33 Pin=P6-7
Removed Pin From Net: NetName=VDD_09V Pin=P7-1
Removed Pin From Net: NetName=NetP7_2 Pin=P7-2
Removed Pin From Net: NetName=GND Pin=P7-3
Removed Pin From Net: NetName=VDD_09V Pin=P8-1
Removed Pin From Net: NetName=NetP8_2 Pin=P8-2
Removed Pin From Net: NetName=GND Pin=P8-3
Removed Pin From Net: NetName=VPOS Pin=P9-1
Removed Pin From Net: NetName=GND Pin=P9-2
Removed Pin From Net: NetName=NetC22_2 Pin=P10-1
Removed Pin From Net: NetName=VDD_33V Pin=P10-2
Removed Pin From Net: NetName=GND Pin=P10-3
Removed Pin From Net: NetName=VPOS Pin=P11-1
Removed Pin From Net: NetName=NetP11_2 Pin=P11-2
Removed Pin From Net: NetName=GND Pin=P11-3
Removed Pin From Net: NetName=NetC31_2 Pin=P12-1
Removed Pin From Net: NetName=VDD_09V Pin=P12-2
Removed Pin From Net: NetName=GND Pin=P12-3
Removed Pin From Net: NetName=VPOS Pin=P13-1
Removed Pin From Net: NetName=NetP13_2 Pin=P13-2
Removed Pin From Net: NetName=GND Pin=P13-3
Removed Pin From Net: NetName=NetC27_2 Pin=R1-1
Removed Pin From Net: NetName=ANT Pin=R1-2
Removed Pin From Net: NetName=GND Pin=R2-1
Removed Pin From Net: NetName=ADC200MV Pin=R2-2
Removed Pin From Net: NetName=NetC36_2 Pin=R3-1
Removed Pin From Net: NetName=ADC200MV Pin=R3-2
Removed Pin From Net: NetName=NetC27_2 Pin=RF_OUT1-1
Removed Pin From Net: NetName=GND Pin=RF_OUT1-MH
Removed Pin From Net: NetName=GND Pin=RF_OUT1-MH
Removed Pin From Net: NetName=GND Pin=RF_OUT1-MH
Removed Pin From Net: NetName=GND Pin=RF_OUT1-MH
Removed Pin From Net: NetName=VPOS Pin=U1-1
Removed Pin From Net: NetName=GND Pin=U1-2
Removed Pin From Net: NetName=NetP2_2 Pin=U1-3
Removed Pin From Net: NetName=NetC2_2 Pin=U1-4
Removed Pin From Net: NetName=NetC3_2 Pin=U1-5
Removed Pin From Net: NetName=VPOS Pin=U2-1
Removed Pin From Net: NetName=GND Pin=U2-2
Removed Pin From Net: NetName=NetP4_2 Pin=U2-3
Removed Pin From Net: NetName=NetC12_2 Pin=U2-4
Removed Pin From Net: NetName=NetC13_2 Pin=U2-5
Removed Pin From Net: NetName=SC_MUX_SEL Pin=U3-1
Removed Pin From Net: NetName=SCAN_IN Pin=U3-2
Removed Pin From Net: NetName=GND Pin=U3-3
Removed Pin From Net: NetName=VDD_09V Pin=U3-4
Removed Pin From Net: NetName=NetP7_2 Pin=U3-5
Removed Pin From Net: NetName=SCIO01 Pin=U3-6
Removed Pin From Net: NetName=LOAD Pin=U3-7
Removed Pin From Net: NetName=LOAD33 Pin=U3-10
Removed Pin From Net: NetName=SCIO0133 Pin=U3-11
Removed Pin From Net: NetName=GND Pin=U3-12
Removed Pin From Net: NetName=VDD_33V Pin=U3-13
Removed Pin From Net: NetName=GND Pin=U3-14
Removed Pin From Net: NetName=SCAN_IN33 Pin=U3-15
Removed Pin From Net: NetName=SC_MUX_SEL33 Pin=U3-16
Removed Pin From Net: NetName=DIFFCLK- Pin=U4-1
Removed Pin From Net: NetName=DIFFCLK+ Pin=U4-2
Removed Pin From Net: NetName=GND Pin=U4-3
Removed Pin From Net: NetName=VDD_09V Pin=U4-4
Removed Pin From Net: NetName=NetP8_2 Pin=U4-5
Removed Pin From Net: NetName=GND Pin=U4-12
Removed Pin From Net: NetName=VDD_33V Pin=U4-13
Removed Pin From Net: NetName=GND Pin=U4-14
Removed Pin From Net: NetName=DIFFCLK+33 Pin=U4-15
Removed Pin From Net: NetName=DIFFCLK-33 Pin=U4-16
Removed Pin From Net: NetName=VPOS Pin=U5-1
Removed Pin From Net: NetName=GND Pin=U5-2
Removed Pin From Net: NetName=NetP11_2 Pin=U5-3
Removed Pin From Net: NetName=NetC21_2 Pin=U5-4
Removed Pin From Net: NetName=NetC22_2 Pin=U5-5
Removed Pin From Net: NetName=VPOS Pin=U6-1
Removed Pin From Net: NetName=GND Pin=U6-2
Removed Pin From Net: NetName=NetP13_2 Pin=U6-3
Removed Pin From Net: NetName=NetC30_2 Pin=U6-4
Removed Pin From Net: NetName=NetC31_2 Pin=U6-5
