Replace Part *1 194_Digital in C:\PCB\194_pcb\EE194_PCB.SchDoc with 194_Digital from EE194_PCB.SchLib
Replace Part C1 CAP in C:\PCB\194_pcb\EE194_PCB.SchDoc with CAP from Altium Content Vault
Replace Part C2 CAP-NP-2 in C:\PCB\194_pcb\EE194_PCB.SchDoc with CAP-NP-2 from Altium Content Vault
Replace Part C3 CAP in C:\PCB\194_pcb\EE194_PCB.SchDoc with CAP from Altium Content Vault
Replace Part C4 CAP in C:\PCB\194_pcb\EE194_PCB.SchDoc with CAP from Altium Content Vault
Replace Part C5 CAP in C:\PCB\194_pcb\EE194_PCB.SchDoc with CAP from Altium Content Vault
Replace Part C6 CAP in C:\PCB\194_pcb\EE194_PCB.SchDoc with CAP from Altium Content Vault
Replace Part C7 CAP-NP-2 in C:\PCB\194_pcb\EE194_PCB.SchDoc with CAP-NP-2 from Altium Content Vault
Replace Part C8 CAP in C:\PCB\194_pcb\EE194_PCB.SchDoc with CAP from Altium Content Vault
Replace Part C9 CAP in C:\PCB\194_pcb\EE194_PCB.SchDoc with CAP from Altium Content Vault
Replace Part C10 CAP-NP-2 in C:\PCB\194_pcb\EE194_PCB.SchDoc with CAP-NP-2 from Altium Content Vault
Replace Part C11 CAP in C:\PCB\194_pcb\EE194_PCB.SchDoc with CAP from Altium Content Vault
Replace Part C12 CAP-NP-2 in C:\PCB\194_pcb\EE194_PCB.SchDoc with CAP-NP-2 from Altium Content Vault
Replace Part C13 CAP in C:\PCB\194_pcb\EE194_PCB.SchDoc with CAP from Altium Content Vault
Replace Part C14 CAP in C:\PCB\194_pcb\EE194_PCB.SchDoc with CAP from Altium Content Vault
Replace Part C15 CAP in C:\PCB\194_pcb\EE194_PCB.SchDoc with CAP from Altium Content Vault
Replace Part C16 CAP-NP-2 in C:\PCB\194_pcb\EE194_PCB.SchDoc with CAP-NP-2 from Altium Content Vault
Replace Part C17 CAP in C:\PCB\194_pcb\EE194_PCB.SchDoc with CAP from Altium Content Vault
Replace Part C18 CAP-NP-2 in C:\PCB\194_pcb\EE194_PCB.SchDoc with CAP-NP-2 from Altium Content Vault
Replace Part C19 CAP in C:\PCB\194_pcb\EE194_PCB.SchDoc with CAP from Altium Content Vault
Replace Part C20 CAP in C:\PCB\194_pcb\EE194_PCB.SchDoc with CAP from Altium Content Vault
Replace Part C21 CAP-NP-2 in C:\PCB\194_pcb\EE194_PCB.SchDoc with CAP-NP-2 from Altium Content Vault
Replace Part C22 CAP in C:\PCB\194_pcb\EE194_PCB.SchDoc with CAP from Altium Content Vault
Replace Part C23 CAP in C:\PCB\194_pcb\EE194_PCB.SchDoc with CAP from Altium Content Vault
Replace Part C24 CAP-NP-2 in C:\PCB\194_pcb\EE194_PCB.SchDoc with CAP-NP-2 from Altium Content Vault
Replace Part C25 CAP in C:\PCB\194_pcb\EE194_PCB.SchDoc with CAP from Altium Content Vault
Replace Part C26 CAP in C:\PCB\194_pcb\EE194_PCB.SchDoc with CAP from Altium Content Vault
Replace Part C27 CAP in C:\PCB\194_pcb\EE194_PCB.SchDoc with CAP from Altium Content Vault
Replace Part C28 CAP in C:\PCB\194_pcb\EE194_PCB.SchDoc with CAP from Altium Content Vault
Replace Part C29 CAP in C:\PCB\194_pcb\EE194_PCB.SchDoc with CAP from Altium Content Vault
Replace Part C30 CAP-NP-2 in C:\PCB\194_pcb\EE194_PCB.SchDoc with CAP-NP-2 from Altium Content Vault
Replace Part C31 CAP in C:\PCB\194_pcb\EE194_PCB.SchDoc with CAP from Altium Content Vault
Replace Part C32 CAP in C:\PCB\194_pcb\EE194_PCB.SchDoc with CAP from Altium Content Vault
Replace Part C33 CAP-NP-2 in C:\PCB\194_pcb\EE194_PCB.SchDoc with CAP-NP-2 from Altium Content Vault
Replace Part C34 CAP in C:\PCB\194_pcb\EE194_PCB.SchDoc with CAP from Altium Content Vault
Replace Part C35 CAP in C:\PCB\194_pcb\EE194_PCB.SchDoc with CAP from Altium Content Vault
Replace Part C36 CAP in C:\PCB\194_pcb\EE194_PCB.SchDoc with CAP from Altium Content Vault
Replace Part C37 CAP-NP-2 in C:\PCB\194_pcb\EE194_PCB.SchDoc with CAP-NP-2 from Altium Content Vault
Replace Part C38 CAP in C:\PCB\194_pcb\EE194_PCB.SchDoc with CAP from Altium Content Vault
Replace Part C39 CAP in C:\PCB\194_pcb\EE194_PCB.SchDoc with CAP from Altium Content Vault
Replace Part C40 CAP in C:\PCB\194_pcb\EE194_PCB.SchDoc with CAP from Altium Content Vault
Replace Part C41 CAP in C:\PCB\194_pcb\EE194_PCB.SchDoc with CAP from Altium Content Vault
Replace Part C42 CAP in C:\PCB\194_pcb\EE194_PCB.SchDoc with CAP from Altium Content Vault
Replace Part C43 CAP-NP-2 in C:\PCB\194_pcb\EE194_PCB.SchDoc with CAP-NP-2 from Altium Content Vault
Replace Part C44 CAP in C:\PCB\194_pcb\EE194_PCB.SchDoc with CAP from Altium Content Vault
Replace Part C45 CAP in C:\PCB\194_pcb\EE194_PCB.SchDoc with CAP from Altium Content Vault
Replace Part C46 CAP in C:\PCB\194_pcb\EE194_PCB.SchDoc with CAP from Altium Content Vault
Replace Part C47 CAP-NP-2 in C:\PCB\194_pcb\EE194_PCB.SchDoc with CAP-NP-2 from Altium Content Vault
Replace Part C48 CAP in C:\PCB\194_pcb\EE194_PCB.SchDoc with CAP from Altium Content Vault
Replace Part C49 CAP in C:\PCB\194_pcb\EE194_PCB.SchDoc with CAP from Altium Content Vault
Replace Part C50 CAP in C:\PCB\194_pcb\EE194_PCB.SchDoc with CAP from Altium Content Vault
Replace Part C51 CAP-NP-2 in C:\PCB\194_pcb\EE194_PCB.SchDoc with CAP-NP-2 from Altium Content Vault
Replace Part C52 CAP in C:\PCB\194_pcb\EE194_PCB.SchDoc with CAP from Altium Content Vault
Replace Part C53 CAP in C:\PCB\194_pcb\EE194_PCB.SchDoc with CAP from Altium Content Vault
Replace Part C54 CAP in C:\PCB\194_pcb\EE194_PCB.SchDoc with CAP from Altium Content Vault
Replace Part C55 CAP-NP-2 in C:\PCB\194_pcb\EE194_PCB.SchDoc with CAP-NP-2 from Altium Content Vault
Replace Part C56 CAP in C:\PCB\194_pcb\EE194_PCB.SchDoc with CAP from Altium Content Vault
Replace Part C57 CAP in C:\PCB\194_pcb\EE194_PCB.SchDoc with CAP from Altium Content Vault
Replace Part C58 CAP in C:\PCB\194_pcb\EE194_PCB.SchDoc with CAP from Altium Content Vault
Replace Part C59 CAP-NP-2 in C:\PCB\194_pcb\EE194_PCB.SchDoc with CAP-NP-2 from Altium Content Vault
Replace Part P1 SMTC-TSW-103-X-X-S-X in C:\PCB\194_pcb\EE194_PCB.SchDoc with SMTC-TSW-103-X-X-S-X from Altium Content Vault
Replace Part P2 SMTC-TSW-103-X-X-S-X in C:\PCB\194_pcb\EE194_PCB.SchDoc with SMTC-TSW-103-X-X-S-X from Altium Content Vault
Replace Part P3 SMTC-TSW-103-X-X-S-X in C:\PCB\194_pcb\EE194_PCB.SchDoc with SMTC-TSW-103-X-X-S-X from Altium Content Vault
Replace Part P4 SMTC-TSW-103-X-X-S-X in C:\PCB\194_pcb\EE194_PCB.SchDoc with SMTC-TSW-103-X-X-S-X from Altium Content Vault
Replace Part P5 Header 6 in C:\PCB\194_pcb\EE194_PCB.SchDoc with Header 6 from Miscellaneous Connectors.IntLib
Replace Part P6 Header 8 in C:\PCB\194_pcb\EE194_PCB.SchDoc with Header 8 from Miscellaneous Connectors.IntLib
Replace Part P7 SMTC-TSW-103-X-X-S-X in C:\PCB\194_pcb\EE194_PCB.SchDoc with SMTC-TSW-103-X-X-S-X from Altium Content Vault
Replace Part P8 SMTC-TSW-103-X-X-S-X in C:\PCB\194_pcb\EE194_PCB.SchDoc with SMTC-TSW-103-X-X-S-X from Altium Content Vault
Replace Part P9 Header 2 in C:\PCB\194_pcb\EE194_PCB.SchDoc with Header 2 from Miscellaneous Connectors.IntLib
Replace Part P10 SMTC-TSW-103-X-X-S-X in C:\PCB\194_pcb\EE194_PCB.SchDoc with SMTC-TSW-103-X-X-S-X from Altium Content Vault
Replace Part P11 SMTC-TSW-103-X-X-S-X in C:\PCB\194_pcb\EE194_PCB.SchDoc with SMTC-TSW-103-X-X-S-X from Altium Content Vault
Replace Part P12 SMTC-TSW-103-X-X-S-X in C:\PCB\194_pcb\EE194_PCB.SchDoc with SMTC-TSW-103-X-X-S-X from Altium Content Vault
Replace Part P13 SMTC-TSW-103-X-X-S-X in C:\PCB\194_pcb\EE194_PCB.SchDoc with SMTC-TSW-103-X-X-S-X from Altium Content Vault
Replace Part R1 RES in C:\PCB\194_pcb\EE194_PCB.SchDoc with RES from Altium Content Vault
Replace Part R2 Res3 in C:\PCB\194_pcb\EE194_PCB.SchDoc with Res3 from Miscellaneous Devices.IntLib
Replace Part R3 Res3 in C:\PCB\194_pcb\EE194_PCB.SchDoc with Res3 from Miscellaneous Devices.IntLib
Replace Part RF_OUT1 ROS-CN-1F-RF1 in C:\PCB\194_pcb\EE194_PCB.SchDoc with ROS-CN-1F-RF1 from Altium Content Vault
Replace Part U1 TI-TPS79NXX-YYSOT5 in C:\PCB\194_pcb\EE194_PCB.SchDoc with TI-TPS79NXX-YYSOT5 from Altium Content Vault
Replace Part U2 TI-TPS79NXX-YYSOT5 in C:\PCB\194_pcb\EE194_PCB.SchDoc with TI-TPS79NXX-YYSOT5 from Altium Content Vault
Replace Part U5 TI-TPS79NXX-YYSOT5 in C:\PCB\194_pcb\EE194_PCB.SchDoc with TI-TPS79NXX-YYSOT5 from Altium Content Vault
Replace Part U6 TI-TPS79NXX-YYSOT5 in C:\PCB\194_pcb\EE194_PCB.SchDoc with TI-TPS79NXX-YYSOT5 from Altium Content Vault
