Removed Pin From Net: NetName=VPOS Pin=P9-1
Removed Pin From Net: NetName=GND Pin=P9-2
Removed Member From Class: ClassName=EE194_PCB Member=P9
Added Component: Designator=C60(CAPC0805(2012)145_N)
Add component. Clean all parameters for all variants
Add component (AddParameter): Name = "Case-EIA"; Value = "0805"; VariantName = "[No Variations]"
Add component (AddParameter): Name = "Case-Metric"; Value = "2012"; VariantName = "[No Variations]"
Add component (AddParameter): Name = "Max Thickness"; Value = "1.45 mm"; VariantName = "[No Variations]"
Add component (AddParameter): Name = "Rated Voltage"; Value = "25 V"; VariantName = "[No Variations]"
Add component (AddParameter): Name = "Technology"; Value = "SMT"; VariantName = "[No Variations]"
Add component (AddParameter): Name = "Tolerance"; Value = "±10%"; VariantName = "[No Variations]"
Add component (AddParameter): Name = "Value"; Value = "10uF"; VariantName = "[No Variations]"
Added Component: Designator=C61(CAPC0805(2012)145_N)
Add component. Clean all parameters for all variants
Add component (AddParameter): Name = "Case-EIA"; Value = "0805"; VariantName = "[No Variations]"
Add component (AddParameter): Name = "Case-Metric"; Value = "2012"; VariantName = "[No Variations]"
Add component (AddParameter): Name = "Max Thickness"; Value = "1.45 mm"; VariantName = "[No Variations]"
Add component (AddParameter): Name = "Rated Voltage"; Value = "25 V"; VariantName = "[No Variations]"
Add component (AddParameter): Name = "Technology"; Value = "SMT"; VariantName = "[No Variations]"
Add component (AddParameter): Name = "Tolerance"; Value = "±10%"; VariantName = "[No Variations]"
Add component (AddParameter): Name = "Value"; Value = "10uF"; VariantName = "[No Variations]"
Added Component: Designator=VNEG(ROS-32K101-400L5_V)
Add component. Clean all parameters for all variants
Add component (AddParameter): Name = "ComponentLink1Description"; Value = "Manufacturer URL"; VariantName = "[No Variations]"
Add component (AddParameter): Name = "ComponentLink1URL"; Value = "http://www.rosenberger.de"; VariantName = "[No Variations]"
Add component (AddParameter): Name = "ComponentLink2Description"; Value = "Datasheet"; VariantName = "[No Variations]"
Add component (AddParameter): Name = "ComponentLink2URL"; Value = "http://rosenberger.de/ok/images/documents/db/32K101-400L5.pdf"; VariantName = "[No Variations]"
Add component (AddParameter): Name = "ComponentLink3Description"; Value = "Package Specification"; VariantName = "[No Variations]"
Add component (AddParameter): Name = "ComponentLink3URL"; Value = "http://rosenberger.de/ok/images/documents/db/32K101-400L5.pdf"; VariantName = "[No Variations]"
Add component (AddParameter): Name = "ComponentLink4Description"; Value = "Series Overview / Design Note"; VariantName = "[No Variations]"
Add component (AddParameter): Name = "ComponentLink4URL"; Value = "http://rosenberger.de/ok/images/documents/spez/32.pdf"; VariantName = "[No Variations]"
Add component (AddParameter): Name = "ComponentLink5Description"; Value = "Webshop / RFQ"; VariantName = "[No Variations]"
Add component (AddParameter): Name = "ComponentLink5URL"; Value = "http://www.rosenberger.com/en/contact/sales/"; VariantName = "[No Variations]"
Add component (AddParameter): Name = "DatasheetVersion"; Value = "a00"; VariantName = "[No Variations]"
Add component (AddParameter): Name = "Design Note"; Value = "Footprint in library is a generic example - only application specific footprint delivers High Performance"; VariantName = "[No Variations]"
Add component (AddParameter): Name = "Manufacturer"; Value = "Rosenberger"; VariantName = "[No Variations]"
Add component (AddParameter): Name = "Mounting Technology"; Value = "Through Hole"; VariantName = "[No Variations]"
Add component (AddParameter): Name = "PackageDescription"; Value = "SMA Straight Jack, 6.35 x 6.35 x 9.5 mm"; VariantName = "[No Variations]"
Add component (AddParameter): Name = "PackageReference"; Value = "32K101-400L5"; VariantName = "[No Variations]"
Add component (AddParameter): Name = "PackageVersion"; Value = "a00"; VariantName = "[No Variations]"
Add component (AddParameter): Name = "PartNumber"; Value = "32K101-400L5"; VariantName = "[No Variations]"
Added Component: Designator=VPOS(ROS-32K101-400L5_V)
Add component. Clean all parameters for all variants
Add component (AddParameter): Name = "ComponentLink1Description"; Value = "Manufacturer URL"; VariantName = "[No Variations]"
Add component (AddParameter): Name = "ComponentLink1URL"; Value = "http://www.rosenberger.de"; VariantName = "[No Variations]"
Add component (AddParameter): Name = "ComponentLink2Description"; Value = "Datasheet"; VariantName = "[No Variations]"
Add component (AddParameter): Name = "ComponentLink2URL"; Value = "http://rosenberger.de/ok/images/documents/db/32K101-400L5.pdf"; VariantName = "[No Variations]"
Add component (AddParameter): Name = "ComponentLink3Description"; Value = "Package Specification"; VariantName = "[No Variations]"
Add component (AddParameter): Name = "ComponentLink3URL"; Value = "http://rosenberger.de/ok/images/documents/db/32K101-400L5.pdf"; VariantName = "[No Variations]"
Add component (AddParameter): Name = "ComponentLink4Description"; Value = "Series Overview / Design Note"; VariantName = "[No Variations]"
Add component (AddParameter): Name = "ComponentLink4URL"; Value = "http://rosenberger.de/ok/images/documents/spez/32.pdf"; VariantName = "[No Variations]"
Add component (AddParameter): Name = "ComponentLink5Description"; Value = "Webshop / RFQ"; VariantName = "[No Variations]"
Add component (AddParameter): Name = "ComponentLink5URL"; Value = "http://www.rosenberger.com/en/contact/sales/"; VariantName = "[No Variations]"
Add component (AddParameter): Name = "DatasheetVersion"; Value = "a00"; VariantName = "[No Variations]"
Add component (AddParameter): Name = "Design Note"; Value = "Footprint in library is a generic example - only application specific footprint delivers High Performance"; VariantName = "[No Variations]"
Add component (AddParameter): Name = "Manufacturer"; Value = "Rosenberger"; VariantName = "[No Variations]"
Add component (AddParameter): Name = "Mounting Technology"; Value = "Through Hole"; VariantName = "[No Variations]"
Add component (AddParameter): Name = "PackageDescription"; Value = "SMA Straight Jack, 6.35 x 6.35 x 9.5 mm"; VariantName = "[No Variations]"
Add component (AddParameter): Name = "PackageReference"; Value = "32K101-400L5"; VariantName = "[No Variations]"
Add component (AddParameter): Name = "PackageVersion"; Value = "a00"; VariantName = "[No Variations]"
Add component (AddParameter): Name = "PartNumber"; Value = "32K101-400L5"; VariantName = "[No Variations]"
Added Pin To Net: NetName=GND Pin=C60-1
Added Pin To Net: NetName=VPOS Pin=C60-2
Added Pin To Net: NetName=GND Pin=C61-2
Added Pin To Net: NetName=GND Pin=VNEG-MH
Added Pin To Net: NetName=GND Pin=VNEG-MH
Added Pin To Net: NetName=GND Pin=VNEG-MH
Added Pin To Net: NetName=GND Pin=VNEG-MH
Added Pin To Net: NetName=VPOS Pin=VPOS-1
Added Pin To Net: NetName=GND Pin=VPOS-MH
Added Pin To Net: NetName=GND Pin=VPOS-MH
Added Pin To Net: NetName=GND Pin=VPOS-MH
Added Pin To Net: NetName=GND Pin=VPOS-MH
Added Pin To Net: NetName=VNEG Pin=C61-1
Added Pin To Net: NetName=VNEG Pin=VNEG-1
Added Net: Name=VNEG
Added Member To Class: ClassName=EE194_PCB Member=Component C60 CAP 10uF 25V 0805(2012)
Added Member To Class: ClassName=EE194_PCB Member=Component C61 CAP 10uF 25V 0805(2012)
Added Member To Class: ClassName=EE194_PCB Member=Component VNEG 32K101-400L5
Added Member To Class: ClassName=EE194_PCB Member=Component VPOS 32K101-400L5
Added Room: Name=EE194_PCB
