Replace Part *1 194_Digital in C:\Projects\194_pcb\EE194_PCB.SchDoc with 194_Digital from EE194_PCB.SchLib
Replace Part C1 CAP in C:\Projects\194_pcb\EE194_PCB.SchDoc with CAP from Altium Content Vault
Replace Part C2 CAP-NP-2 in C:\Projects\194_pcb\EE194_PCB.SchDoc with CAP-NP-2 from Altium Content Vault
Replace Part C3 CAP in C:\Projects\194_pcb\EE194_PCB.SchDoc with CAP from Altium Content Vault
Replace Part C4 CAP in C:\Projects\194_pcb\EE194_PCB.SchDoc with CAP from Altium Content Vault
Replace Part C5 CAP in C:\Projects\194_pcb\EE194_PCB.SchDoc with CAP from Altium Content Vault
Replace Part C6 CAP in C:\Projects\194_pcb\EE194_PCB.SchDoc with CAP from Altium Content Vault
Replace Part C7 CAP-NP-2 in C:\Projects\194_pcb\EE194_PCB.SchDoc with CAP-NP-2 from Altium Content Vault
Replace Part C8 CAP in C:\Projects\194_pcb\EE194_PCB.SchDoc with CAP from Altium Content Vault
Replace Part C9 CAP in C:\Projects\194_pcb\EE194_PCB.SchDoc with CAP from Altium Content Vault
Replace Part C10 CAP-NP-2 in C:\Projects\194_pcb\EE194_PCB.SchDoc with CAP-NP-2 from Altium Content Vault
Replace Part C11 CAP in C:\Projects\194_pcb\EE194_PCB.SchDoc with CAP from Altium Content Vault
Replace Part C12 CAP-NP-2 in C:\Projects\194_pcb\EE194_PCB.SchDoc with CAP-NP-2 from Altium Content Vault
Replace Part C13 CAP in C:\Projects\194_pcb\EE194_PCB.SchDoc with CAP from Altium Content Vault
Replace Part C14 CAP in C:\Projects\194_pcb\EE194_PCB.SchDoc with CAP from Altium Content Vault
Replace Part C15 CAP in C:\Projects\194_pcb\EE194_PCB.SchDoc with CAP from Altium Content Vault
Replace Part P1 SMTC-TSW-103-X-X-S-X in C:\Projects\194_pcb\EE194_PCB.SchDoc with SMTC-TSW-103-X-X-S-X from Altium Content Vault
Replace Part P2 SMTC-TSW-103-X-X-S-X in C:\Projects\194_pcb\EE194_PCB.SchDoc with SMTC-TSW-103-X-X-S-X from Altium Content Vault
Replace Part P3 SMTC-TSW-103-X-X-S-X in C:\Projects\194_pcb\EE194_PCB.SchDoc with SMTC-TSW-103-X-X-S-X from Altium Content Vault
Replace Part P4 SMTC-TSW-103-X-X-S-X in C:\Projects\194_pcb\EE194_PCB.SchDoc with SMTC-TSW-103-X-X-S-X from Altium Content Vault
Replace Part P5 Header 6 in C:\Projects\194_pcb\EE194_PCB.SchDoc with Header 6 from Miscellaneous Connectors.IntLib
Replace Part P6 Header 8 in C:\Projects\194_pcb\EE194_PCB.SchDoc with Header 8 from Miscellaneous Connectors.IntLib
Replace Part R1 Res3 in C:\Projects\194_pcb\EE194_PCB.SchDoc with Res3 from Miscellaneous Devices.IntLib
Replace Part R2 Res3 in C:\Projects\194_pcb\EE194_PCB.SchDoc with Res3 from Miscellaneous Devices.IntLib
Replace Part U1 TI-TPS79NXX-YYSOT5 in C:\Projects\194_pcb\EE194_PCB.SchDoc with TI-TPS79NXX-YYSOT5 from Altium Content Vault
Replace Part U2 TI-TPS79NXX-YYSOT5 in C:\Projects\194_pcb\EE194_PCB.SchDoc with TI-TPS79NXX-YYSOT5 from Altium Content Vault
