Removed Pin From Net: NetName=GND Pin=*1-30
Removed Pin From Net: NetName=GND Pin=P6-3
Removed Pin From Net: NetName=SC_MUX_SEL Pin=U3-1
Removed Pin From Net: NetName=SCAN_IN Pin=U3-2
Removed Pin From Net: NetName=LOAD Pin=U3-7
Removed Pin From Net: NetName=LOAD33 Pin=U3-10
Removed Pin From Net: NetName=SCAN_IN33 Pin=U3-15
Removed Pin From Net: NetName=SC_MUX_SEL33 Pin=U3-16
Added Pin To Net: NetName=GND Pin=*1-29
Added Pin To Net: NetName=GND Pin=P6-4
Added Pin To Net: NetName=SCAN_IN Pin=U3-1
Added Pin To Net: NetName=LOAD Pin=U3-6
Added Pin To Net: NetName=SC_MUX_SEL Pin=U3-7
Added Pin To Net: NetName=SC_MUX_SEL33 Pin=U3-10
Added Pin To Net: NetName=LOAD33 Pin=U3-11
Added Pin To Net: NetName=SCAN_IN33 Pin=U3-16
Added Pin To Net: NetName=SCAN_OUT33 Pin=P6-3
Added Pin To Net: NetName=SCAN_OUT33 Pin=U3-15
Added Net: Name=SCAN_OUT33
Added Pin To Net: NetName=SCAN_OUT Pin=*1-30
Added Pin To Net: NetName=SCAN_OUT Pin=U3-2
Added Net: Name=SCAN_OUT
Added Room: Name=EE194_PCB
