Removed Pin From Net: NetName=TCK Pin=U5-6
Removed Pin From Net: NetName=TRSTn Pin=U5-7
Removed Pin From Net: NetName=TRSTn_33 Pin=U5-10
Removed Pin From Net: NetName=TCK_33 Pin=U5-11
Removed Pin From Net: NetName=LOAD Pin=U7-6
Removed Pin From Net: NetName=DIFFCLK- Pin=U7-7
Removed Pin From Net: NetName=DIFFCLK+ Pin=U7-8
Removed Pin From Net: NetName=DIFFCLK+33 Pin=U7-9
Removed Pin From Net: NetName=DIFFCLK-33 Pin=U7-10
Removed Pin From Net: NetName=LOAD33 Pin=U7-11
Added Pin To Net: NetName=DIFFCLK- Pin=U5-7
Added Pin To Net: NetName=DIFFCLK+ Pin=U5-8
Added Pin To Net: NetName=DIFFCLK+33 Pin=U5-9
Added Pin To Net: NetName=DIFFCLK-33 Pin=U5-10
Added Pin To Net: NetName=TCK Pin=U7-6
Added Pin To Net: NetName=TRSTn Pin=U7-7
Added Pin To Net: NetName=LOAD Pin=U7-8
Added Pin To Net: NetName=LOAD33 Pin=U7-9
Added Pin To Net: NetName=TRSTn_33 Pin=U7-10
Added Pin To Net: NetName=TCK_33 Pin=U7-11
Added Room: Name=EE194_YESDIG_PCB
