Removed Pin From Net: NetName=VDDA Pin=P13-1
Removed Pin From Net: NetName=VDDRF_OUT Pin=P13-2
Removed Pin From Net: NetName=VDDD_OUT Pin=P13-3
Removed Pin From Net: NetName=VDDPA Pin=P13-4
Removed Pin From Net: NetName=ADCIN Pin=P13-5
Removed Pin From Net: NetName=ADC200MV Pin=P13-6
Removed Pin From Net: NetName=SC_MUX_SEL33 Pin=P14-7
Removed Pin From Net: NetName=UARTTX_33 Pin=P15-1
Removed Pin From Net: NetName=UARTRX_33 Pin=P15-2
Removed Pin From Net: NetName=ADC5BMSB_33 Pin=P15-6
Removed Pin From Net: NetName=1BSAOUTPUT_33 Pin=P15-7
Removed Pin From Net: NetName=BG200MV Pin=P15-8
Removed Pin From Net: NetName=ADC5BMSB Pin=U3-2
Removed Pin From Net: NetName=1BSAOUTPUT Pin=U3-3
Removed Pin From Net: NetName=UARTTX Pin=U3-7
Removed Pin From Net: NetName=UARTRX Pin=U3-8
Removed Pin From Net: NetName=UARTRX_33 Pin=U3-9
Removed Pin From Net: NetName=UARTTX_33 Pin=U3-10
Removed Pin From Net: NetName=1BSAOUTPUT_33 Pin=U3-14
Removed Pin From Net: NetName=ADC5BMSB_33 Pin=U3-15
Removed Member From Class: ClassName=EE194_YESDIG_PCB Member=P15
Removed Member From Class: ClassName=EE194_YESDIG_PCB Member=P16
Change Component Designator: OldDesignator=P10 NewDesignator=P13
Change Component Designator: OldDesignator=P11 NewDesignator=P10
Change Component Designator: OldDesignator=P12 NewDesignator=P11
Change Component Designator: OldDesignator=P16 NewDesignator=P14
Added Component: Designator=P12(HDR1X12)
Add component. Clean all parameters for all variants
Add component (AddParameter): Name = "LatestRevisionDate"; Value = "17-Jul-2002"; VariantName = "[No Variations]"
Add component (AddParameter): Name = "LatestRevisionNote"; Value = "Re-released for DXP Platform."; VariantName = "[No Variations]"
Add component (AddParameter): Name = "Publisher"; Value = "Altium Limited"; VariantName = "[No Variations]"
Added Pin To Net: NetName=UARTTX_33 Pin=P12-1
Added Pin To Net: NetName=UARTRX_33 Pin=P12-2
Added Pin To Net: NetName=SC_MUX_SEL33 Pin=P12-3
Added Pin To Net: NetName=1BSAOUTPUT_33 Pin=P12-4
Added Pin To Net: NetName=ADC5BMSB_33 Pin=P12-5
Added Pin To Net: NetName=BG200MV Pin=P12-6
Added Pin To Net: NetName=VDDA Pin=P12-7
Added Pin To Net: NetName=VDDRF_OUT Pin=P12-8
Added Pin To Net: NetName=VDDD_OUT Pin=P12-9
Added Pin To Net: NetName=VDDPA Pin=P12-10
Added Pin To Net: NetName=ADCIN Pin=P12-11
Added Pin To Net: NetName=ADC200MV Pin=P12-12
Added Pin To Net: NetName=UARTTX Pin=U3-1
Added Pin To Net: NetName=UARTRX Pin=U3-2
Added Pin To Net: NetName=1BSAOUTPUT Pin=U3-7
Added Pin To Net: NetName=ADC5BMSB Pin=U3-8
Added Pin To Net: NetName=ADC5BMSB_33 Pin=U3-9
Added Pin To Net: NetName=1BSAOUTPUT_33 Pin=U3-10
Added Pin To Net: NetName=UARTRX_33 Pin=U3-15
Added Pin To Net: NetName=UARTTX_33 Pin=U3-16
Change Net Name : Old Net Name=NetP12_2 New Net Name=NetP11_2
Added Member To Class: ClassName=EE194_YESDIG_PCB Member=Component P12 Header 12
Added Room: Name=EE194_YESDIG_PCB
