Removed Pin From Net: NetName=VDDA Pin=P1-2
Removed Pin From Net: NetName=VDD_08V Pin=P2-1
Removed Pin From Net: NetName=VDDPA Pin=P2-2
Removed Pin From Net: NetName=NetC5_2 Pin=P3-1
Removed Pin From Net: NetName=VDD_33V Pin=P3-2
Removed Pin From Net: NetName=VDD_08V Pin=P4-1
Removed Pin From Net: NetName=VDDD_OUT Pin=P4-2
Removed Pin From Net: NetName=VDD_08V Pin=P6-1
Removed Pin From Net: NetName=VDDRF_OUT Pin=P6-2
Removed Pin From Net: NetName=NetC20_2 Pin=P8-1
Removed Pin From Net: NetName=VBAT Pin=P8-2
Removed Member From Class: ClassName=EE194_YESDIG_PCB Member=P10
Removed Member From Class: ClassName=EE194_YESDIG_PCB Member=P11
Change Component Footprint: Designator=P4 Old Footprint=AMPH-68000-102HLF_V New Footprint=HDR2X2
Change Component Footprint: Designator=P1 Old Footprint=AMPH-68000-102HLF_V New Footprint=HDR2X4
Change Component Comment : Designator=P4 Old Comment=68000-102HLF New Comment=Header 2X2
Change Component Comment : Designator=P1 Old Comment=68000-102HLF New Comment=Header 4X2
Change Component Designator: OldDesignator=C1 NewDesignator=C10
Change Component Designator: OldDesignator=C2 NewDesignator=C11
Change Component Designator: OldDesignator=C3 NewDesignator=C12
Change Component Designator: OldDesignator=C4 NewDesignator=C13
Change Component Designator: OldDesignator=C5 NewDesignator=C14
Change Component Designator: OldDesignator=C6 NewDesignator=C15
Change Component Designator: OldDesignator=C7 NewDesignator=C8
Change Component Designator: OldDesignator=C8 NewDesignator=C7
Change Component Designator: OldDesignator=C9 NewDesignator=C5
Change Component Designator: OldDesignator=C10 NewDesignator=C6
Change Component Designator: OldDesignator=C11 NewDesignator=C1
Change Component Designator: OldDesignator=C12 NewDesignator=C2
Change Component Designator: OldDesignator=C13 NewDesignator=C3
Change Component Designator: OldDesignator=C14 NewDesignator=C4
Change Component Designator: OldDesignator=C15 NewDesignator=C9
Change Component Designator: OldDesignator=P5 NewDesignator=P3
Change Component Designator: OldDesignator=P7 NewDesignator=P2
Change Component Designator: OldDesignator=P9 NewDesignator=P5
Change Component Designator: OldDesignator=P10 NewDesignator=P6
Change Component Designator: OldDesignator=P11 NewDesignator=P7
Change Component Designator: OldDesignator=P12 NewDesignator=P8
Change Component Designator: OldDesignator=P13 NewDesignator=P9
Change Component Designator: OldDesignator=U1 NewDesignator=U3
Change Component Designator: OldDesignator=U3 NewDesignator=U1
Change component parameters: Designator = "P1"; Footprint = "HDR2X4"; UniqueID = "\MQAYTQAG"
Change component parameters. Clean all parameters for all variants
Change component parameters (AddParameter): Name = "LatestRevisionDate"; Value = "17-Jul-2002"; VariantName = "[No Variations]"
Change component parameters (AddParameter): Name = "LatestRevisionNote"; Value = "Re-released for DXP Platform."; VariantName = "[No Variations]"
Change component parameters (AddParameter): Name = "Publisher"; Value = "Altium Limited"; VariantName = "[No Variations]"
Change component parameters: Designator = "P4"; Footprint = "HDR2X2"; UniqueID = "\CQNSWJVN"
Change component parameters. Clean all parameters for all variants
Change component parameters (AddParameter): Name = "LatestRevisionDate"; Value = "17-Jul-2002"; VariantName = "[No Variations]"
Change component parameters (AddParameter): Name = "LatestRevisionNote"; Value = "Re-released for DXP Platform."; VariantName = "[No Variations]"
Change component parameters (AddParameter): Name = "Publisher"; Value = "Altium Limited"; VariantName = "[No Variations]"
Added Pin To Net: NetName=VDDPA Pin=P1-2
Added Pin To Net: NetName=VDD_08V Pin=P1-3
Added Pin To Net: NetName=VDDA Pin=P1-4
Added Pin To Net: NetName=VDD_08V Pin=P1-5
Added Pin To Net: NetName=VDDRF_OUT Pin=P1-6
Added Pin To Net: NetName=VDD_08V Pin=P1-7
Added Pin To Net: NetName=VDDD_OUT Pin=P1-8
Added Pin To Net: NetName=VDD_33V Pin=P4-1
Added Pin To Net: NetName=VBAT Pin=P4-2
Added Pin To Net: NetName=NetC5_2 Pin=P4-3
Added Pin To Net: NetName=NetC20_2 Pin=P4-4
Change Net Name : Old Net Name=NetC4_2 New Net Name=NetC13_2
Change Net Name : Old Net Name=NetC5_2 New Net Name=NetC14_2
Change Net Name : Old Net Name=NetC12_2 New Net Name=NetC2_2
Change Net Name : Old Net Name=NetP5_2 New Net Name=NetP3_2
Change Net Name : Old Net Name=NetP7_2 New Net Name=NetP2_2
Change Net Name : Old Net Name=NetP9_2 New Net Name=NetP5_2
Added Member To Class: ClassName=EE194_YESDIG_PCB Member=Component C16 CAP 1uF 16V 0402(1005)
Added Member To Class: ClassName=EE194_YESDIG_PCB Member=Component C24 CAP 1uF 16V 0402(1005)
Added Member To Class: ClassName=EE194_YESDIG_PCB Member=Component C27 Cap Semi
Added Member To Class: ClassName=EE194_YESDIG_PCB Member=Component C28 Cap Semi
Added Member To Class: ClassName=EE194_YESDIG_PCB Member=Component C29 Cap Semi
Added Member To Class: ClassName=EE194_YESDIG_PCB Member=Component U6 74AVC1T45
Added Room: Name=EE194_YESDIG_PCB
