Replace Part C1 Cap Semi in C:\PCB\194_pcb\YesDigital\EE194_YESDIG_PCB.SchDoc with Cap Semi from Miscellaneous Devices.IntLib
Replace Part C2 Cap Semi in C:\PCB\194_pcb\YesDigital\EE194_YESDIG_PCB.SchDoc with Cap Semi from Miscellaneous Devices.IntLib
Replace Part C3 Cap Semi in C:\PCB\194_pcb\YesDigital\EE194_YESDIG_PCB.SchDoc with Cap Semi from Miscellaneous Devices.IntLib
Replace Part C4 Cap Semi in C:\PCB\194_pcb\YesDigital\EE194_YESDIG_PCB.SchDoc with Cap Semi from Miscellaneous Devices.IntLib
Replace Part C5 Cap Semi in C:\PCB\194_pcb\YesDigital\EE194_YESDIG_PCB.SchDoc with Cap Semi from Miscellaneous Devices.IntLib
Replace Part C6 Cap Semi in C:\PCB\194_pcb\YesDigital\EE194_YESDIG_PCB.SchDoc with Cap Semi from Miscellaneous Devices.IntLib
Replace Part C7 Cap Semi in C:\PCB\194_pcb\YesDigital\EE194_YESDIG_PCB.SchDoc with Cap Semi from Miscellaneous Devices.IntLib
Replace Part C8 Cap Semi in C:\PCB\194_pcb\YesDigital\EE194_YESDIG_PCB.SchDoc with Cap Semi from Miscellaneous Devices.IntLib
Replace Part C9 Cap Semi in C:\PCB\194_pcb\YesDigital\EE194_YESDIG_PCB.SchDoc with Cap Semi from Miscellaneous Devices.IntLib
Replace Part C10 Cap Semi in C:\PCB\194_pcb\YesDigital\EE194_YESDIG_PCB.SchDoc with Cap Semi from Miscellaneous Devices.IntLib
Replace Part C11 Cap Semi in C:\PCB\194_pcb\YesDigital\EE194_YESDIG_PCB.SchDoc with Cap Semi from Miscellaneous Devices.IntLib
Replace Part C12 Cap Semi in C:\PCB\194_pcb\YesDigital\EE194_YESDIG_PCB.SchDoc with Cap Semi from Miscellaneous Devices.IntLib
Replace Part C13 Cap Semi in C:\PCB\194_pcb\YesDigital\EE194_YESDIG_PCB.SchDoc with Cap Semi from Miscellaneous Devices.IntLib
Replace Part C14 Cap Semi in C:\PCB\194_pcb\YesDigital\EE194_YESDIG_PCB.SchDoc with Cap Semi from Miscellaneous Devices.IntLib
Replace Part C15 Cap Semi in C:\PCB\194_pcb\YesDigital\EE194_YESDIG_PCB.SchDoc with Cap Semi from Miscellaneous Devices.IntLib
Replace Part C16 Cap Semi in C:\PCB\194_pcb\YesDigital\EE194_YESDIG_PCB.SchDoc with Cap Semi from Miscellaneous Devices.IntLib
Replace Part C17 Cap Semi in C:\PCB\194_pcb\YesDigital\EE194_YESDIG_PCB.SchDoc with Cap Semi from Miscellaneous Devices.IntLib
Replace Part C18 Cap Semi in C:\PCB\194_pcb\YesDigital\EE194_YESDIG_PCB.SchDoc with Cap Semi from Miscellaneous Devices.IntLib
Replace Part C19 Cap Semi in C:\PCB\194_pcb\YesDigital\EE194_YESDIG_PCB.SchDoc with Cap Semi from Miscellaneous Devices.IntLib
Replace Part C20 Cap Semi in C:\PCB\194_pcb\YesDigital\EE194_YESDIG_PCB.SchDoc with Cap Semi from Miscellaneous Devices.IntLib
Replace Part C21 Cap Semi in C:\PCB\194_pcb\YesDigital\EE194_YESDIG_PCB.SchDoc with Cap Semi from Miscellaneous Devices.IntLib
Replace Part C22 Cap Semi in C:\PCB\194_pcb\YesDigital\EE194_YESDIG_PCB.SchDoc with Cap Semi from Miscellaneous Devices.IntLib
Replace Part C23 Cap Semi in C:\PCB\194_pcb\YesDigital\EE194_YESDIG_PCB.SchDoc with Cap Semi from Miscellaneous Devices.IntLib
Replace Part C24 Cap Semi in C:\PCB\194_pcb\YesDigital\EE194_YESDIG_PCB.SchDoc with Cap Semi from Miscellaneous Devices.IntLib
Replace Part C25 Cap Semi in C:\PCB\194_pcb\YesDigital\EE194_YESDIG_PCB.SchDoc with Cap Semi from Miscellaneous Devices.IntLib
Replace Part C26 Cap Semi in C:\PCB\194_pcb\YesDigital\EE194_YESDIG_PCB.SchDoc with Cap Semi from Miscellaneous Devices.IntLib
Replace Part C27 Cap Semi in C:\PCB\194_pcb\YesDigital\EE194_YESDIG_PCB.SchDoc with Cap Semi from Miscellaneous Devices.IntLib
Replace Part C28 Cap Semi in C:\PCB\194_pcb\YesDigital\EE194_YESDIG_PCB.SchDoc with Cap Semi from Miscellaneous Devices.IntLib
Replace Part C29 Cap Semi in C:\PCB\194_pcb\YesDigital\EE194_YESDIG_PCB.SchDoc with Cap Semi from Miscellaneous Devices.IntLib
Replace Part C30 Cap Semi in C:\PCB\194_pcb\YesDigital\EE194_YESDIG_PCB.SchDoc with Cap Semi from Miscellaneous Devices.IntLib
Replace Part C31 Cap Semi in C:\PCB\194_pcb\YesDigital\EE194_YESDIG_PCB.SchDoc with Cap Semi from Miscellaneous Devices.IntLib
Replace Part C32 Cap Semi in C:\PCB\194_pcb\YesDigital\EE194_YESDIG_PCB.SchDoc with Cap Semi from Miscellaneous Devices.IntLib
Replace Part C33 Cap Semi in C:\PCB\194_pcb\YesDigital\EE194_YESDIG_PCB.SchDoc with Cap Semi from Miscellaneous Devices.IntLib
Replace Part C34 Cap Semi in C:\PCB\194_pcb\YesDigital\EE194_YESDIG_PCB.SchDoc with Cap Semi from Miscellaneous Devices.IntLib
Replace Part C35 Cap Semi in C:\PCB\194_pcb\YesDigital\EE194_YESDIG_PCB.SchDoc with Cap Semi from Miscellaneous Devices.IntLib
Replace Part P14 Header 6 in C:\PCB\194_pcb\YesDigital\EE194_YESDIG_PCB.SchDoc with Header 6 from Miscellaneous Connectors.IntLib
Replace Part P15 Header 5 in C:\PCB\194_pcb\YesDigital\EE194_YESDIG_PCB.SchDoc with Header 5 from Miscellaneous Connectors.IntLib
Replace Part P17 Header 8 in C:\PCB\194_pcb\YesDigital\EE194_YESDIG_PCB.SchDoc with Header 8 from Miscellaneous Connectors.IntLib
Replace Part P18 Header 8 in C:\PCB\194_pcb\YesDigital\EE194_YESDIG_PCB.SchDoc with Header 8 from Miscellaneous Connectors.IntLib
Replace Part P20 Header 2 in C:\PCB\194_pcb\YesDigital\EE194_YESDIG_PCB.SchDoc with Header 2 from Miscellaneous Connectors.IntLib
Replace Part R1 Res3 in C:\PCB\194_pcb\YesDigital\EE194_YESDIG_PCB.SchDoc with Res3 from Miscellaneous Devices.IntLib
Replace Part R2 Res3 in C:\PCB\194_pcb\YesDigital\EE194_YESDIG_PCB.SchDoc with Res3 from Miscellaneous Devices.IntLib
Replace Part U2 LDK130M08R in C:\PCB\194_pcb\YesDigital\EE194_YESDIG_PCB.SchDoc with LDK130M08R from EE194_PCB.SchLib
Replace Part U8 194_Digital in C:\PCB\194_pcb\YesDigital\EE194_YESDIG_PCB.SchDoc with 194_Digital from EE194_PCB.SchLib
