Removed Pin From Net: NetName=TDO_33 Pin=P13-1
Removed Pin From Net: NetName=TDI_33 Pin=P13-2
Removed Pin From Net: NetName=TMS_33 Pin=P13-3
Removed Pin From Net: NetName=TCK_33 Pin=P13-4
Removed Pin From Net: NetName=TRSTn_33 Pin=P13-5
Removed Pin From Net: NetName=SCAN_IN33 Pin=P14-1
Removed Pin From Net: NetName=SCAN_OUT33 Pin=P14-2
Removed Pin From Net: NetName=SCIO0133 Pin=P14-3
Removed Pin From Net: NetName=LOAD33 Pin=P14-4
Removed Pin From Net: NetName=DIFFCLK-33 Pin=P14-5
Removed Pin From Net: NetName=DIFFCLK+33 Pin=P14-6
Removed Pin From Net: NetName=PHIB_33 Pin=P15-3
Removed Pin From Net: NetName=PHI_33 Pin=P15-4
Removed Pin From Net: NetName=RESET_33 Pin=P15-5
Change Component Designator: OldDesignator=P10 NewDesignator=P11
Change Component Designator: OldDesignator=P11 NewDesignator=P12
Change Component Designator: OldDesignator=P12 NewDesignator=P13
Added Component: Designator=P10(HDR1X14)
Add component. Clean all parameters for all variants
Add component (AddParameter): Name = "LatestRevisionDate"; Value = "17-Jul-2002"; VariantName = "[No Variations]"
Add component (AddParameter): Name = "LatestRevisionNote"; Value = "Re-released for DXP Platform."; VariantName = "[No Variations]"
Add component (AddParameter): Name = "Publisher"; Value = "Altium Limited"; VariantName = "[No Variations]"
Added Pin To Net: NetName=DIFFCLK-33 Pin=P10-1
Added Pin To Net: NetName=DIFFCLK+33 Pin=P10-2
Added Pin To Net: NetName=TDO_33 Pin=P10-3
Added Pin To Net: NetName=TDI_33 Pin=P10-4
Added Pin To Net: NetName=TMS_33 Pin=P10-5
Added Pin To Net: NetName=TCK_33 Pin=P10-6
Added Pin To Net: NetName=TRSTn_33 Pin=P10-7
Added Pin To Net: NetName=LOAD33 Pin=P10-8
Added Pin To Net: NetName=SCIO0133 Pin=P10-9
Added Pin To Net: NetName=SCAN_OUT33 Pin=P10-10
Added Pin To Net: NetName=SCAN_IN33 Pin=P10-11
Added Pin To Net: NetName=PHIB_33 Pin=P10-12
Added Pin To Net: NetName=PHI_33 Pin=P10-13
Added Pin To Net: NetName=RESET_33 Pin=P10-14
Change Net Name : Old Net Name=NetP11_2 New Net Name=NetP12_2
Added Room: Name=EE194_YESDIG_PCB
