Removed Pin From Net: NetName=1BSAOUTPUT Pin=U3-3
Removed Pin From Net: NetName=1BSAOUTPUT Pin=U5-3
Removed Pin From Net: NetName=1BSAOUTPUT Pin=U7-3
Removed Pin From Net: NetName=1BSAOUTPUT Pin=U8-5
Removed Pin From Net: NetName=1BSAOUTPUT Pin=U8-17
Removed Pin From Net: NetName=1BSAOUTPUT Pin=U8-23
Removed Pin From Net: NetName=1BSAOUTPUT Pin=U8-29
Removed Pin From Net: NetName=1BSAOUTPUT Pin=U9-3
Change Component Footprint: Designator=P1 Old Footprint=LIBRARYSOURCE=Vault|VAULTGUID=B7D15EC3-160A-466F-A46C-7801FE6295A7|REVISIONGUID=6DE9DAB2-33D1-492C-807E-005DC9060FA7|FOOTPRINT=SMTC-TSW-103-07-X-S New Footprint=SMTC-TSW-103-07-X-S
Change Component Footprint: Designator=P2 Old Footprint=LIBRARYSOURCE=Vault|VAULTGUID=B7D15EC3-160A-466F-A46C-7801FE6295A7|REVISIONGUID=6DE9DAB2-33D1-492C-807E-005DC9060FA7|FOOTPRINT=SMTC-TSW-103-07-X-S New Footprint=SMTC-TSW-103-07-X-S
Change Component Footprint: Designator=P3 Old Footprint=LIBRARYSOURCE=Vault|VAULTGUID=B7D15EC3-160A-466F-A46C-7801FE6295A7|REVISIONGUID=6DE9DAB2-33D1-492C-807E-005DC9060FA7|FOOTPRINT=SMTC-TSW-103-07-X-S New Footprint=SMTC-TSW-103-07-X-S
Change Component Footprint: Designator=P4 Old Footprint=LIBRARYSOURCE=Vault|VAULTGUID=B7D15EC3-160A-466F-A46C-7801FE6295A7|REVISIONGUID=6DE9DAB2-33D1-492C-807E-005DC9060FA7|FOOTPRINT=SMTC-TSW-103-07-X-S New Footprint=SMTC-TSW-103-07-X-S
Change Component Footprint: Designator=P5 Old Footprint=LIBRARYSOURCE=Vault|VAULTGUID=B7D15EC3-160A-466F-A46C-7801FE6295A7|REVISIONGUID=6DE9DAB2-33D1-492C-807E-005DC9060FA7|FOOTPRINT=SMTC-TSW-103-07-X-S New Footprint=SMTC-TSW-103-07-X-S
Change Component Footprint: Designator=P7 Old Footprint=LIBRARYSOURCE=Vault|VAULTGUID=B7D15EC3-160A-466F-A46C-7801FE6295A7|REVISIONGUID=6DE9DAB2-33D1-492C-807E-005DC9060FA7|FOOTPRINT=SMTC-TSW-103-07-X-S New Footprint=SMTC-TSW-103-07-X-S
Change Component Footprint: Designator=P8 Old Footprint=LIBRARYSOURCE=Vault|VAULTGUID=B7D15EC3-160A-466F-A46C-7801FE6295A7|REVISIONGUID=6DE9DAB2-33D1-492C-807E-005DC9060FA7|FOOTPRINT=SMTC-TSW-103-07-X-S New Footprint=SMTC-TSW-103-07-X-S
Change Component Footprint: Designator=P9 Old Footprint=LIBRARYSOURCE=Vault|VAULTGUID=B7D15EC3-160A-466F-A46C-7801FE6295A7|REVISIONGUID=6DE9DAB2-33D1-492C-807E-005DC9060FA7|FOOTPRINT=SMTC-TSW-103-07-X-S New Footprint=SMTC-TSW-103-07-X-S
Change Component Footprint: Designator=P10 Old Footprint=LIBRARYSOURCE=Vault|VAULTGUID=B7D15EC3-160A-466F-A46C-7801FE6295A7|REVISIONGUID=6DE9DAB2-33D1-492C-807E-005DC9060FA7|FOOTPRINT=SMTC-TSW-103-07-X-S New Footprint=SMTC-TSW-103-07-X-S
Change Component Footprint: Designator=P11 Old Footprint=LIBRARYSOURCE=Vault|VAULTGUID=B7D15EC3-160A-466F-A46C-7801FE6295A7|REVISIONGUID=6DE9DAB2-33D1-492C-807E-005DC9060FA7|FOOTPRINT=SMTC-TSW-103-07-X-S New Footprint=SMTC-TSW-103-07-X-S
Change Component Footprint: Designator=P12 Old Footprint=LIBRARYSOURCE=Vault|VAULTGUID=B7D15EC3-160A-466F-A46C-7801FE6295A7|REVISIONGUID=6DE9DAB2-33D1-492C-807E-005DC9060FA7|FOOTPRINT=SMTC-TSW-103-07-X-S New Footprint=SMTC-TSW-103-07-X-S
Change Component Footprint: Designator=P13 Old Footprint=LIBRARYSOURCE=Vault|VAULTGUID=B7D15EC3-160A-466F-A46C-7801FE6295A7|REVISIONGUID=6DE9DAB2-33D1-492C-807E-005DC9060FA7|FOOTPRINT=SMTC-TSW-103-07-X-S New Footprint=SMTC-TSW-103-07-X-S
Change Component Footprint: Designator=P16 Old Footprint=LIBRARYSOURCE=Vault|VAULTGUID=B7D15EC3-160A-466F-A46C-7801FE6295A7|REVISIONGUID=6DE9DAB2-33D1-492C-807E-005DC9060FA7|FOOTPRINT=SMTC-TSW-103-07-X-S New Footprint=SMTC-TSW-103-07-X-S
Change Component Footprint: Designator=P19 Old Footprint=LIBRARYSOURCE=Vault|VAULTGUID=B7D15EC3-160A-466F-A46C-7801FE6295A7|REVISIONGUID=6DE9DAB2-33D1-492C-807E-005DC9060FA7|FOOTPRINT=SMTC-TSW-103-07-X-S New Footprint=SMTC-TSW-103-07-X-S
Change Component Footprint: Designator=RF_OUT1 Old Footprint=LIBRARYSOURCE=Vault|VAULTGUID=B7D15EC3-160A-466F-A46C-7801FE6295A7|REVISIONGUID=D8BC1910-1AB8-43CF-8861-0C33A0C1BD22|FOOTPRINT=ROS-32K101-400L5_V New Footprint=ROS-32K101-400L5_V
Change Net Name : Old Net Name=1BSAOUTPUT New Net Name=GND
Added Pin To Net: NetName=1BSAOUTPUT Pin=U3-3
Added Pin To Net: NetName=1BSAOUTPUT Pin=U8-17
Added Net: Name=1BSAOUTPUT
Added Pin To Net: NetName=SCIO01 Pin=U7-3
Added Pin To Net: NetName=SCIO01 Pin=U8-29
Added Net: Name=SCIO01
Added Pin To Net: NetName=TMS Pin=U5-3
Added Pin To Net: NetName=TMS Pin=U8-23
Added Net: Name=TMS
Added Pin To Net: NetName=UARTRX Pin=U8-5
Added Pin To Net: NetName=UARTRX Pin=U9-3
Added Net: Name=UARTRX
Added Room: Name=EE194_YESDIG_PCB
