Removed Pin From Net: NetName=VDDA Pin=P12-7
Removed Pin From Net: NetName=VDDRF_OUT Pin=P12-8
Removed Pin From Net: NetName=VDDD_OUT Pin=P12-9
Removed Pin From Net: NetName=VDDPA Pin=P12-10
Removed Pin From Net: NetName=ADCIN Pin=P12-11
Removed Pin From Net: NetName=ADC200MV Pin=P12-12
Change Component Footprint: Designator=P12 Old Footprint=HDR1X12 New Footprint=HDR1X6
Change Component Comment : Designator=P12 Old Comment=Header 12 New Comment=Header 6
Change Component Designator: OldDesignator=P14 NewDesignator=P15
Added Component: Designator=P14(HDR1X6)
Add component. Clean all parameters for all variants
Add component (AddParameter): Name = "LatestRevisionDate"; Value = "17-Jul-2002"; VariantName = "[No Variations]"
Add component (AddParameter): Name = "LatestRevisionNote"; Value = "Re-released for DXP Platform."; VariantName = "[No Variations]"
Add component (AddParameter): Name = "Publisher"; Value = "Altium Limited"; VariantName = "[No Variations]"
Added Pin To Net: NetName=VDDD_OUT Pin=P14-1
Added Pin To Net: NetName=VDDRF_OUT Pin=P14-2
Added Pin To Net: NetName=VDDA Pin=P14-3
Added Pin To Net: NetName=VDDPA Pin=P14-4
Added Pin To Net: NetName=ADC200MV Pin=P14-5
Added Pin To Net: NetName=ADCIN Pin=P14-6
Added Member To Class: ClassName=EE194_YESDIG_PCB Member=Component P10 68000-102HLF
Added Member To Class: ClassName=EE194_YESDIG_PCB Member=Component P14 Header 6
Added Member To Class: ClassName=EE194_YESDIG_PCB Member=Component P15 Header 2
Added Room: Name=EE194_YESDIG_PCB
