Removed Pin From Net: NetName=GND Pin=C17-1
Removed Pin From Net: NetName=VPOS Pin=C17-2
Removed Pin From Net: NetName=GND Pin=C18-1
Removed Pin From Net: NetName=GND Pin=C19-1
Removed Pin From Net: NetName=VPOS Pin=P9-1
Removed Pin From Net: NetName=GND Pin=P9-3
Removed Pin From Net: NetName=VPOS Pin=U4-1
Removed Pin From Net: NetName=GND Pin=U4-2
Removed Member From Class: ClassName=EE194_YESDIG_PCB Member=C33
Removed Member From Class: ClassName=EE194_YESDIG_PCB Member=C34
Removed Member From Class: ClassName=EE194_YESDIG_PCB Member=C35
Removed Member From Class: ClassName=EE194_YESDIG_PCB Member=U9
Change Component Designator: OldDesignator=C20 NewDesignator=C17
Change Component Designator: OldDesignator=C21 NewDesignator=C18
Change Component Designator: OldDesignator=C22 NewDesignator=C19
Change Component Designator: OldDesignator=C23 NewDesignator=C20
Change Component Designator: OldDesignator=C24 NewDesignator=C21
Change Component Designator: OldDesignator=C25 NewDesignator=C22
Change Component Designator: OldDesignator=C26 NewDesignator=C23
Change Component Designator: OldDesignator=C27 NewDesignator=C24
Change Component Designator: OldDesignator=C28 NewDesignator=C25
Change Component Designator: OldDesignator=C29 NewDesignator=C26
Change Component Designator: OldDesignator=C30 NewDesignator=C27
Change Component Designator: OldDesignator=C31 NewDesignator=C28
Change Component Designator: OldDesignator=C32 NewDesignator=C29
Change Component Designator: OldDesignator=C33 NewDesignator=C30
Change Component Designator: OldDesignator=C34 NewDesignator=C31
Change Component Designator: OldDesignator=C35 NewDesignator=C32
Change Component Designator: OldDesignator=P10 NewDesignator=P9
Change Component Designator: OldDesignator=P11 NewDesignator=P10
Change Component Designator: OldDesignator=P12 NewDesignator=P11
Change Component Designator: OldDesignator=P13 NewDesignator=P12
Change Component Designator: OldDesignator=P14 NewDesignator=P13
Change Component Designator: OldDesignator=P15 NewDesignator=P14
Change Component Designator: OldDesignator=U5 NewDesignator=U4
Change Component Designator: OldDesignator=U6 NewDesignator=U5
Change Component Designator: OldDesignator=U7 NewDesignator=U6
Change Component Designator: OldDesignator=U8 NewDesignator=U7
Change Component Designator: OldDesignator=U9 NewDesignator=U8
Added Pin To Net: NetName=NetC24_2 Pin=P8-1
Change Net Name : Old Net Name=NetC20_2 New Net Name=NetC17_2
Change Net Name : Old Net Name=NetC23_2 New Net Name=NetC20_2
Change Net Name : Old Net Name=NetC24_2 New Net Name=NetC21_2
Change Net Name : Old Net Name=NetP11_2 New Net Name=NetP10_2
Added Room: Name=EE194_YESDIG_PCB
